# JRE version: Java(TM) SE Runtime Environment (8.0_111-b14) (build 1.8.0_111-b14)
# Java VM: Java HotSpot(TM) 64-Bit Server VM (25.111-b14 mixed mode windows-amd64 compressed oops)
Heap:
 PSYoungGen      total 376832K, used 332253K [0x00000000d5f00000, 0x00000000f0d80000, 0x0000000100000000)
  eden space 351232K, 94% used [0x00000000d5f00000,0x00000000ea377458,0x00000000eb600000)
  from space 25600K, 0% used [0x00000000eb600000,0x00000000eb600000,0x00000000ecf00000)
  to   space 25088K, 0% used [0x00000000ef500000,0x00000000ef500000,0x00000000f0d80000)
 ParOldGen       total 155136K, used 45950K [0x0000000081c00000, 0x000000008b380000, 0x00000000d5f00000)
  object space 155136K, 29% used [0x0000000081c00000,0x00000000848df920,0x000000008b380000)
 Metaspace       used 65134K, capacity 67094K, committed 67328K, reserved 1107968K
  class space    used 7956K, capacity 8372K, committed 8448K, reserved 1048576K
GC Heap History (10 events):
Event: 660.645 GC heap before
{Heap before GC invocations=31 (full 8):
 PSYoungGen      total 369664K, used 70886K [0x00000000d5f00000, 0x00000000ef500000, 0x0000000100000000)
  eden space 352256K, 15% used [0x00000000d5f00000,0x00000000d93a7300,0x00000000eb700000)
  from space 17408K, 97% used [0x00000000ee400000,0x00000000ef4925d0,0x00000000ef500000)
  to   space 25088K, 0% used [0x00000000ec400000,0x00000000ec400000,0x00000000edc80000)
 ParOldGen       total 155136K, used 41278K [0x0000000081c00000, 0x000000008b380000, 0x00000000d5f00000)
  object space 155136K, 26% used [0x0000000081c00000,0x000000008444fb98,0x000000008b380000)
 Metaspace       used 63637K, capacity 65350K, committed 65664K, reserved 1105920K
  class space    used 7852K, capacity 8231K, committed 8320K, reserved 1048576K
Event: 660.656 GC heap after
Heap after GC invocations=31 (full 8):
 PSYoungGen      total 356352K, used 3713K [0x00000000d5f00000, 0x00000000ee700000, 0x0000000100000000)
  eden space 352256K, 0% used [0x00000000d5f00000,0x00000000d5f00000,0x00000000eb700000)
  from space 4096K, 90% used [0x00000000ec400000,0x00000000ec7a07d0,0x00000000ec800000)
  to   space 24576K, 0% used [0x00000000ecf00000,0x00000000ecf00000,0x00000000ee700000)
 ParOldGen       total 155136K, used 41286K [0x0000000081c00000, 0x000000008b380000, 0x00000000d5f00000)
  object space 155136K, 26% used [0x0000000081c00000,0x0000000084451b98,0x000000008b380000)
 Metaspace       used 63637K, capacity 65350K, committed 65664K, reserved 1105920K
  class space    used 7852K, capacity 8231K, committed 8320K, reserved 1048576K
}
Event: 660.656 GC heap before
{Heap before GC invocations=32 (full 9):
 PSYoungGen      total 356352K, used 3713K [0x00000000d5f00000, 0x00000000ee700000, 0x0000000100000000)
  eden space 352256K, 0% used [0x00000000d5f00000,0x00000000d5f00000,0x00000000eb700000)
  from space 4096K, 90% used [0x00000000ec400000,0x00000000ec7a07d0,0x00000000ec800000)
  to   space 24576K, 0% used [0x00000000ecf00000,0x00000000ecf00000,0x00000000ee700000)
 ParOldGen       total 155136K, used 41286K [0x0000000081c00000, 0x000000008b380000, 0x00000000d5f00000)
  object space 155136K, 26% used [0x0000000081c00000,0x0000000084451b98,0x000000008b380000)
 Metaspace       used 63637K, capacity 65350K, committed 65664K, reserved 1105920K
  class space    used 7852K, capacity 8231K, committed 8320K, reserved 1048576K
Event: 661.237 GC heap after
Heap after GC invocations=32 (full 9):
 PSYoungGen      total 356352K, used 0K [0x00000000d5f00000, 0x00000000ee700000, 0x0000000100000000)
  eden space 352256K, 0% used [0x00000000d5f00000,0x00000000d5f00000,0x00000000eb700000)
  from space 4096K, 0% used [0x00000000ec400000,0x00000000ec400000,0x00000000ec800000)
  to   space 24576K, 0% used [0x00000000ecf00000,0x00000000ecf00000,0x00000000ee700000)
 ParOldGen       total 155136K, used 43669K [0x0000000081c00000, 0x000000008b380000, 0x00000000d5f00000)
  object space 155136K, 28% used [0x0000000081c00000,0x00000000846a54f0,0x000000008b380000)
 Metaspace       used 63634K, capacity 65344K, committed 65664K, reserved 1105920K
  class space    used 7851K, capacity 8230K, committed 8320K, reserved 1048576K
}
Event: 728.192 GC heap before
{Heap before GC invocations=33 (full 9):
 PSYoungGen      total 356352K, used 352256K [0x00000000d5f00000, 0x00000000ee700000, 0x0000000100000000)
  eden space 352256K, 100% used [0x00000000d5f00000,0x00000000eb700000,0x00000000eb700000)
  from space 4096K, 0% used [0x00000000ec400000,0x00000000ec400000,0x00000000ec800000)
  to   space 24576K, 0% used [0x00000000ecf00000,0x00000000ecf00000,0x00000000ee700000)
 ParOldGen       total 155136K, used 43669K [0x0000000081c00000, 0x000000008b380000, 0x00000000d5f00000)
  object space 155136K, 28% used [0x0000000081c00000,0x00000000846a54f0,0x000000008b380000)
 Metaspace       used 64355K, capacity 66072K, committed 66176K, reserved 1107968K
  class space    used 7888K, capacity 8276K, committed 8320K, reserved 1048576K
Event: 728.214 GC heap after
Heap after GC invocations=33 (full 9):
 PSYoungGen      total 375808K, used 15467K [0x00000000d5f00000, 0x00000000f0e80000, 0x0000000100000000)
  eden space 351232K, 0% used [0x00000000d5f00000,0x00000000d5f00000,0x00000000eb600000)
  from space 24576K, 62% used [0x00000000ecf00000,0x00000000ede1acf0,0x00000000ee700000)
  to   space 25600K, 0% used [0x00000000eb600000,0x00000000eb600000,0x00000000ecf00000)
 ParOldGen       total 155136K, used 43677K [0x0000000081c00000, 0x000000008b380000, 0x00000000d5f00000)
  object space 155136K, 28% used [0x0000000081c00000,0x00000000846a74f0,0x000000008b380000)
 Metaspace       used 64355K, capacity 66072K, committed 66176K, reserved 1107968K
  class space    used 7888K, capacity 8276K, committed 8320K, reserved 1048576K
}
Event: 1138.276 GC heap before
{Heap before GC invocations=34 (full 9):
 PSYoungGen      total 375808K, used 125743K [0x00000000d5f00000, 0x00000000f0e80000, 0x0000000100000000)
  eden space 351232K, 31% used [0x00000000d5f00000,0x00000000dcab1248,0x00000000eb600000)
  from space 24576K, 62% used [0x00000000ecf00000,0x00000000ede1acf0,0x00000000ee700000)
  to   space 25600K, 0% used [0x00000000eb600000,0x00000000eb600000,0x00000000ecf00000)
 ParOldGen       total 155136K, used 43677K [0x0000000081c00000, 0x000000008b380000, 0x00000000d5f00000)
  object space 155136K, 28% used [0x0000000081c00000,0x00000000846a74f0,0x000000008b380000)
 Metaspace       used 64372K, capacity 66078K, committed 66176K, reserved 1107968K
  class space    used 7889K, capacity 8278K, committed 8320K, reserved 1048576K
Event: 1138.283 GC heap after
Heap after GC invocations=34 (full 9):
 PSYoungGen      total 376832K, used 3504K [0x00000000d5f00000, 0x00000000f0d80000, 0x0000000100000000)
  eden space 351232K, 0% used [0x00000000d5f00000,0x00000000d5f00000,0x00000000eb600000)
  from space 25600K, 13% used [0x00000000eb600000,0x00000000eb96c070,0x00000000ecf00000)
  to   space 25088K, 0% used [0x00000000ef500000,0x00000000ef500000,0x00000000f0d80000)
 ParOldGen       total 155136K, used 43677K [0x0000000081c00000, 0x000000008b380000, 0x00000000d5f00000)
  object space 155136K, 28% used [0x0000000081c00000,0x00000000846a74f0,0x000000008b380000)
 Metaspace       used 64372K, capacity 66078K, committed 66176K, reserved 1107968K
  class space    used 7889K, capacity 8278K, committed 8320K, reserved 1048576K
}
Event: 1138.283 GC heap before
{Heap before GC invocations=35 (full 10):
 PSYoungGen      total 376832K, used 3504K [0x00000000d5f00000, 0x00000000f0d80000, 0x0000000100000000)
  eden space 351232K, 0% used [0x00000000d5f00000,0x00000000d5f00000,0x00000000eb600000)
  from space 25600K, 13% used [0x00000000eb600000,0x00000000eb96c070,0x00000000ecf00000)
  to   space 25088K, 0% used [0x00000000ef500000,0x00000000ef500000,0x00000000f0d80000)
 ParOldGen       total 155136K, used 43677K [0x0000000081c00000, 0x000000008b380000, 0x00000000d5f00000)
  object space 155136K, 28% used [0x0000000081c00000,0x00000000846a74f0,0x000000008b380000)
 Metaspace       used 64372K, capacity 66078K, committed 66176K, reserved 1107968K
  class space    used 7889K, capacity 8278K, committed 8320K, reserved 1048576K
Event: 1138.700 GC heap after
Heap after GC invocations=35 (full 10):
 PSYoungGen      total 376832K, used 0K [0x00000000d5f00000, 0x00000000f0d80000, 0x0000000100000000)
  eden space 351232K, 0% used [0x00000000d5f00000,0x00000000d5f00000,0x00000000eb600000)
  from space 25600K, 0% used [0x00000000eb600000,0x00000000eb600000,0x00000000ecf00000)
  to   space 25088K, 0% used [0x00000000ef500000,0x00000000ef500000,0x00000000f0d80000)
 ParOldGen       total 155136K, used 45950K [0x0000000081c00000, 0x000000008b380000, 0x00000000d5f00000)
  object space 155136K, 29% used [0x0000000081c00000,0x00000000848df920,0x000000008b380000)
 Metaspace       used 64368K, capacity 66072K, committed 66176K, reserved 1107968K
  class space    used 7888K, capacity 8277K, committed 8320K, reserved 1048576K
}

